<?xml version="1.0" encoding="UTF-8"?>
<testng-results skipped="0" failed="0" ignored="0" total="1" passed="1">
  <reporter-output>
  </reporter-output>
  <suite name="Suite" duration-ms="9661" started-at="2021-11-24T19:14:47 IST" finished-at="2021-11-24T19:14:57 IST">
    <groups>
      <group name="cucumber">
        <method signature="AbstractTestNGCucumberTests.runScenario(io.cucumber.testng.PickleWrapper,io.cucumber.testng.FeatureWrapper)[pri:0, instance:Runner.runner@75881071]" name="runScenario" class="io.cucumber.testng.AbstractTestNGCucumberTests"/>
      </group> <!-- cucumber -->
    </groups>
    <test name="runner" duration-ms="9661" started-at="2021-11-24T19:14:47 IST" finished-at="2021-11-24T19:14:57 IST">
      <class name="Runner.runner">
        <test-method status="PASS" signature="setUpClass()[pri:0, instance:Runner.runner@75881071]" name="setUpClass" is-config="true" duration-ms="319" started-at="2021-11-24T19:14:47 IST" finished-at="2021-11-24T19:14:48 IST">
          <reporter-output>
          </reporter-output>
        </test-method> <!-- setUpClass -->
        <test-method status="PASS" signature="runScenario(io.cucumber.testng.PickleWrapper,io.cucumber.testng.FeatureWrapper)[pri:0, instance:Runner.runner@75881071]" name="runScenario" duration-ms="9274" started-at="2021-11-24T19:14:48 IST" description="Runs Cucumber Scenarios" data-provider="scenarios" finished-at="2021-11-24T19:14:57 IST">
          <params>
            <param index="0">
              <value>
                <![CDATA["Login with valid crendiatals"]]>
              </value>
            </param>
            <param index="1">
              <value>
                <![CDATA["Optional[login to tutorial ninja application]"]]>
              </value>
            </param>
          </params>
          <reporter-output>
          </reporter-output>
        </test-method> <!-- runScenario -->
        <test-method status="PASS" signature="tearDownClass()[pri:0, instance:Runner.runner@75881071]" name="tearDownClass" is-config="true" duration-ms="19" started-at="2021-11-24T19:14:57 IST" finished-at="2021-11-24T19:14:57 IST">
          <reporter-output>
          </reporter-output>
        </test-method> <!-- tearDownClass -->
      </class> <!-- Runner.runner -->
    </test> <!-- runner -->
  </suite> <!-- Suite -->
</testng-results>
